

Started GET "/" for 114.252.86.237 at 2015-09-12 08:27:13 +0000
Cannot render console from 114.252.86.237! Allowed networks: 127.0.0.1, ::1, 127.0.0.0/127.255.255.255
Processing by WelcomeController#index as HTML
  Rendered welcome/index.html.erb within layouts/application (2.7ms)
Completed 200 OK in 699ms (Views: 684.3ms | ActiveRecord: 0.0ms)


Started GET "/assets/welcome.self-e3b0c44298fc1c149afbf4c8996fb92427ae41e4649b934ca495991b7852b855.css?body=1" for 114.252.86.237 at 2015-09-12 08:27:14 +0000
Cannot render console from 114.252.86.237! Allowed networks: 127.0.0.1, ::1, 127.0.0.0/127.255.255.255


Started GET "/assets/application.self-e80e8f2318043e8af94dddc2adad5a4f09739a8ebb323b3ab31cd71d45fd9113.css?body=1" for 114.252.86.237 at 2015-09-12 08:27:14 +0000
Cannot render console from 114.252.86.237! Allowed networks: 127.0.0.1, ::1, 127.0.0.0/127.255.255.255


Started GET "/assets/jquery.self-a714331225dda820228db323939889f149aec0127aeb06255646b616ba1ca419.js?body=1" for 114.252.86.237 at 2015-09-12 08:27:14 +0000
Cannot render console from 114.252.86.237! Allowed networks: 127.0.0.1, ::1, 127.0.0.0/127.255.255.255


Started GET "/assets/welcome.self-877aef30ae1b040ab8a3aba4e3e309a11d7f2612f44dde450b5c157aa5f95c05.js?body=1" for 114.252.86.237 at 2015-09-12 08:27:14 +0000
Cannot render console from 114.252.86.237! Allowed networks: 127.0.0.1, ::1, 127.0.0.0/127.255.255.255


Started GET "/assets/jquery_ujs.self-d456baa54c1fa6be2ec3711f0a72ddf7a5b2f34a6b4f515f33767d6207b7d4b3.js?body=1" for 114.252.86.237 at 2015-09-12 08:27:14 +0000
Cannot render console from 114.252.86.237! Allowed networks: 127.0.0.1, ::1, 127.0.0.0/127.255.255.255


Started GET "/assets/application.self-3b8dabdc891efe46b9a144b400ad69e37d7e5876bdc39dee783419a69d7ca819.js?body=1" for 114.252.86.237 at 2015-09-12 08:27:14 +0000
Cannot render console from 114.252.86.237! Allowed networks: 127.0.0.1, ::1, 127.0.0.0/127.255.255.255


Started GET "/assets/turbolinks.self-c37727e9bd6b2735da5c311aa83fead54ed0be6cc8bd9a65309e9c5abe2cbfff.js?body=1" for 114.252.86.237 at 2015-09-12 08:27:14 +0000
Cannot render console from 114.252.86.237! Allowed networks: 127.0.0.1, ::1, 127.0.0.0/127.255.255.255


Started GET "/" for 114.252.99.96 at 2015-09-17 01:50:39 +0000
Processing by WelcomeController#index as HTML
  Rendered welcome/index.html.erb within layouts/application (3.9ms)
Completed 200 OK in 934ms (Views: 919.2ms | ActiveRecord: 0.0ms)


Started GET "/assets/application.self-e80e8f2318043e8af94dddc2adad5a4f09739a8ebb323b3ab31cd71d45fd9113.css?body=1" for 114.252.99.96 at 2015-09-17 01:50:40 +0000


Started GET "/assets/welcome.self-e3b0c44298fc1c149afbf4c8996fb92427ae41e4649b934ca495991b7852b855.css?body=1" for 114.252.99.96 at 2015-09-17 01:50:40 +0000


Started GET "/assets/jquery.self-a714331225dda820228db323939889f149aec0127aeb06255646b616ba1ca419.js?body=1" for 114.252.99.96 at 2015-09-17 01:50:40 +0000


Started GET "/assets/jquery_ujs.self-d456baa54c1fa6be2ec3711f0a72ddf7a5b2f34a6b4f515f33767d6207b7d4b3.js?body=1" for 114.252.99.96 at 2015-09-17 01:50:40 +0000


Started GET "/assets/turbolinks.self-c37727e9bd6b2735da5c311aa83fead54ed0be6cc8bd9a65309e9c5abe2cbfff.js?body=1" for 114.252.99.96 at 2015-09-17 01:50:40 +0000


Started GET "/assets/welcome.self-877aef30ae1b040ab8a3aba4e3e309a11d7f2612f44dde450b5c157aa5f95c05.js?body=1" for 114.252.99.96 at 2015-09-17 01:50:40 +0000


Started GET "/assets/application.self-3b8dabdc891efe46b9a144b400ad69e37d7e5876bdc39dee783419a69d7ca819.js?body=1" for 114.252.99.96 at 2015-09-17 01:50:40 +0000
  [1m[36m (0.9ms)[0m  [1mbegin transaction[0m
  [1m[35m (0.2ms)[0m  rollback transaction


Started GET "/static_pages/home" for 45.116.14.23 at 2015-09-17 03:17:48 +0000
Processing by StaticPagesController#home as HTML
  Rendered static_pages/home.html.erb within layouts/application (13.3ms)
Completed 200 OK in 1527ms (Views: 1498.3ms | ActiveRecord: 0.0ms)


Started GET "/assets/static_pages.self-e3b0c44298fc1c149afbf4c8996fb92427ae41e4649b934ca495991b7852b855.css?body=1" for 45.116.14.23 at 2015-09-17 03:17:50 +0000


Started GET "/assets/static_pages.self-877aef30ae1b040ab8a3aba4e3e309a11d7f2612f44dde450b5c157aa5f95c05.js?body=1" for 45.116.14.23 at 2015-09-17 03:17:50 +0000


Started GET "/" for 45.116.14.23 at 2015-09-17 03:21:41 +0000
Processing by StaticPagesController#home as HTML
  Rendered static_pages/home.html.erb within layouts/application (0.1ms)
Completed 200 OK in 79ms (Views: 78.0ms | ActiveRecord: 0.0ms)


Started GET "/" for 45.116.14.23 at 2015-09-17 06:05:29 +0000
Processing by StaticPagesController#home as HTML
  Rendered static_pages/home.html.erb within layouts/application (0.1ms)
  Rendered layouts/_header.html.erb (4.8ms)
Completed 200 OK in 907ms (Views: 903.3ms | ActiveRecord: 0.0ms)


Started GET "/" for 45.116.14.23 at 2015-09-17 06:13:21 +0000
Processing by StaticPagesController#home as HTML
  Rendered static_pages/home.html.erb within layouts/application (0.1ms)
Completed 500 Internal Server Error in 343ms (ActiveRecord: 0.0ms)

Sass::SyntaxError (File to import not found or unreadable: bootstrap-sprockets.
Load paths:
  /home/ubuntu/workspace/app/assets/images
  /home/ubuntu/workspace/app/assets/javascripts
  /home/ubuntu/workspace/app/assets/stylesheets
  /home/ubuntu/workspace/vendor/assets/javascripts
  /home/ubuntu/workspace/vendor/assets/stylesheets
  /usr/local/rvm/gems/ruby-2.2.1/gems/web-console-2.0.0.beta3/app/assets/javascripts
  /usr/local/rvm/gems/ruby-2.2.1/gems/web-console-2.0.0.beta3/app/assets/stylesheets
  /usr/local/rvm/gems/ruby-2.2.1/gems/web-console-2.0.0.beta3/lib/assets/javascripts
  /usr/local/rvm/gems/ruby-2.2.1/gems/web-console-2.0.0.beta3/vendor/assets/javascripts
  /usr/local/rvm/gems/ruby-2.2.1/gems/turbolinks-2.5.3/lib/assets/javascripts
  /usr/local/rvm/gems/ruby-2.2.1/gems/jquery-rails-4.0.5/vendor/assets/javascripts
  /usr/local/rvm/gems/ruby-2.2.1/gems/coffee-rails-4.1.0/lib/assets/javascripts):
  app/assets/stylesheets/custom.css.scss:1
  app/views/layouts/application.html.erb:5:in `_app_views_layouts_application_html_erb___4189828569604781233_69938491411840'


  Rendered /usr/local/rvm/gems/ruby-2.2.1/gems/web-console-2.0.0.beta3/lib/action_dispatch/templates/rescues/_source.erb (49.8ms)
  Rendered /usr/local/rvm/gems/ruby-2.2.1/gems/web-console-2.0.0.beta3/lib/action_dispatch/templates/rescues/_trace.html.erb (5.9ms)
  Rendered /usr/local/rvm/gems/ruby-2.2.1/gems/web-console-2.0.0.beta3/lib/action_dispatch/templates/rescues/_request_and_response.html.erb (1.7ms)
  Rendered /usr/local/rvm/gems/ruby-2.2.1/gems/web-console-2.0.0.beta3/lib/action_dispatch/templates/rescues/_web_console.html.erb (13.4ms)
  Rendered /usr/local/rvm/gems/ruby-2.2.1/gems/web-console-2.0.0.beta3/lib/action_dispatch/templates/rescues/diagnostics.html.erb within rescues/layout (171.4ms)


Started GET "/" for 45.116.14.23 at 2015-09-17 06:19:02 +0000
Processing by StaticPagesController#home as HTML
  Rendered static_pages/home.html.erb within layouts/application (0.1ms)
Completed 500 Internal Server Error in 43ms (ActiveRecord: 0.0ms)

Sass::SyntaxError (File to import not found or unreadable: bootstrap-sprockets.
Load paths:
  /home/ubuntu/workspace/app/assets/images
  /home/ubuntu/workspace/app/assets/javascripts
  /home/ubuntu/workspace/app/assets/stylesheets
  /home/ubuntu/workspace/vendor/assets/javascripts
  /home/ubuntu/workspace/vendor/assets/stylesheets
  /usr/local/rvm/gems/ruby-2.2.1/gems/web-console-2.0.0.beta3/app/assets/javascripts
  /usr/local/rvm/gems/ruby-2.2.1/gems/web-console-2.0.0.beta3/app/assets/stylesheets
  /usr/local/rvm/gems/ruby-2.2.1/gems/web-console-2.0.0.beta3/lib/assets/javascripts
  /usr/local/rvm/gems/ruby-2.2.1/gems/web-console-2.0.0.beta3/vendor/assets/javascripts
  /usr/local/rvm/gems/ruby-2.2.1/gems/turbolinks-2.5.3/lib/assets/javascripts
  /usr/local/rvm/gems/ruby-2.2.1/gems/jquery-rails-4.0.5/vendor/assets/javascripts
  /usr/local/rvm/gems/ruby-2.2.1/gems/coffee-rails-4.1.0/lib/assets/javascripts):
  app/assets/stylesheets/custom.css.scss:1
  app/views/layouts/application.html.erb:5:in `_app_views_layouts_application_html_erb___4189828569604781233_69938491411840'


  Rendered /usr/local/rvm/gems/ruby-2.2.1/gems/web-console-2.0.0.beta3/lib/action_dispatch/templates/rescues/_source.erb (20.8ms)
  Rendered /usr/local/rvm/gems/ruby-2.2.1/gems/web-console-2.0.0.beta3/lib/action_dispatch/templates/rescues/_trace.html.erb (5.1ms)
  Rendered /usr/local/rvm/gems/ruby-2.2.1/gems/web-console-2.0.0.beta3/lib/action_dispatch/templates/rescues/_request_and_response.html.erb (1.7ms)
  Rendered /usr/local/rvm/gems/ruby-2.2.1/gems/web-console-2.0.0.beta3/lib/action_dispatch/templates/rescues/_web_console.html.erb (11.2ms)
  Rendered /usr/local/rvm/gems/ruby-2.2.1/gems/web-console-2.0.0.beta3/lib/action_dispatch/templates/rescues/diagnostics.html.erb within rescues/layout (125.2ms)


Started GET "/" for 45.116.14.23 at 2015-09-17 06:19:34 +0000
Processing by StaticPagesController#home as HTML
  Rendered static_pages/home.html.erb within layouts/application (3.3ms)
  Rendered layouts/_header.html.erb (1.1ms)
Completed 200 OK in 5592ms (Views: 5576.5ms | ActiveRecord: 0.0ms)


Started GET "/assets/custom.self-f381883aafe0a019486c9007209d1e2268a7a04a09efd13ebb2a58bc4c759843.css?body=1" for 45.116.14.23 at 2015-09-17 06:19:41 +0000


Started GET "/" for 45.116.14.23 at 2015-09-17 06:26:10 +0000
Processing by StaticPagesController#home as HTML
  Rendered static_pages/home.html.erb within layouts/application (0.1ms)
  Rendered layouts/_header.html.erb (0.3ms)
  Rendered layouts/_footer.html.erb (0.7ms)
Completed 200 OK in 127ms (Views: 126.0ms | ActiveRecord: 0.0ms)


Started GET "/" for 45.116.14.23 at 2015-09-17 06:28:07 +0000
Processing by StaticPagesController#home as HTML
  Rendered static_pages/home.html.erb within layouts/application (0.1ms)
  Rendered layouts/_header.html.erb (0.9ms)
  Rendered layouts/_footer.html.erb (0.1ms)
Completed 200 OK in 143ms (Views: 119.3ms | ActiveRecord: 0.0ms)


Started GET "/" for 45.116.14.23 at 2015-09-17 06:32:13 +0000
Processing by StaticPagesController#home as HTML
  Rendered static_pages/home.html.erb within layouts/application (0.1ms)
  Rendered layouts/_header.html.erb (0.4ms)
  Rendered layouts/_footer.html.erb (0.7ms)
Completed 200 OK in 135ms (Views: 133.5ms | ActiveRecord: 0.0ms)


Started GET "/" for 45.116.14.23 at 2015-09-17 06:32:20 +0000
Processing by StaticPagesController#home as HTML
  Rendered static_pages/home.html.erb within layouts/application (0.4ms)
  Rendered layouts/_header.html.erb (0.9ms)
  Rendered layouts/_footer.html.erb (0.8ms)
Completed 200 OK in 127ms (Views: 126.1ms | ActiveRecord: 0.0ms)


Started GET "/help" for 45.116.14.23 at 2015-09-17 06:32:23 +0000
Processing by StaticPagesController#help as HTML
  Rendered static_pages/help.html.erb within layouts/application (0.4ms)
  Rendered layouts/_header.html.erb (0.3ms)
  Rendered layouts/_footer.html.erb (0.2ms)
Completed 200 OK in 126ms (Views: 124.5ms | ActiveRecord: 0.0ms)


Started GET "/about" for 45.116.14.23 at 2015-09-17 06:32:25 +0000
Processing by StaticPagesController#about as HTML
  Rendered static_pages/about.html.erb within layouts/application (0.5ms)
  Rendered layouts/_header.html.erb (0.4ms)
  Rendered layouts/_footer.html.erb (0.2ms)
Completed 200 OK in 111ms (Views: 110.5ms | ActiveRecord: 0.0ms)


Started GET "/contact" for 45.116.14.23 at 2015-09-17 06:32:27 +0000
Processing by StaticPagesController#contact as HTML
  Rendered static_pages/contact.html.erb within layouts/application (0.4ms)
  Rendered layouts/_header.html.erb (0.3ms)
  Rendered layouts/_footer.html.erb (0.3ms)
Completed 200 OK in 116ms (Views: 114.8ms | ActiveRecord: 0.0ms)


Started GET "/" for 45.116.14.23 at 2015-09-17 06:32:28 +0000
Processing by StaticPagesController#home as HTML
  Rendered static_pages/home.html.erb within layouts/application (0.1ms)
  Rendered layouts/_header.html.erb (0.4ms)
  Rendered layouts/_footer.html.erb (0.2ms)
Completed 200 OK in 140ms (Views: 138.4ms | ActiveRecord: 0.0ms)


Started GET "/" for 45.116.14.23 at 2015-09-17 06:41:16 +0000
Processing by StaticPagesController#home as HTML
  Rendered static_pages/home.html.erb within layouts/application (1.0ms)
  Rendered layouts/_header.html.erb (0.3ms)
  Rendered layouts/_footer.html.erb (0.3ms)
Completed 200 OK in 132ms (Views: 131.1ms | ActiveRecord: 0.0ms)


Started GET "/" for 45.116.14.23 at 2015-09-17 10:32:36 +0000
Processing by StaticPagesController#home as HTML
  Rendered static_pages/home.html.erb within layouts/application (3.0ms)
  Rendered layouts/_header.html.erb (1.0ms)
  Rendered layouts/_footer.html.erb (0.7ms)
Completed 200 OK in 2588ms (Views: 2574.2ms | ActiveRecord: 0.0ms)


Started GET "/assets/custom.self-9735255d5b9ee846e0d1c02afed64419322c2f690d20df8186d9c5d7e87e6b9f.css?body=1" for 45.116.14.23 at 2015-09-17 10:32:39 +0000


Started GET "/" for 45.116.14.23 at 2015-09-17 10:33:54 +0000
Processing by StaticPagesController#home as HTML
  Rendered static_pages/home.html.erb within layouts/application (0.2ms)
  Rendered layouts/_header.html.erb (0.5ms)
  Rendered layouts/_footer.html.erb (0.2ms)
Completed 200 OK in 143ms (Views: 141.4ms | ActiveRecord: 0.0ms)


Started GET "/" for 45.116.14.23 at 2015-09-17 10:35:51 +0000
Processing by StaticPagesController#home as HTML
  Rendered static_pages/home.html.erb within layouts/application (2.8ms)
  Rendered layouts/_header.html.erb (0.9ms)
  Rendered layouts/_footer.html.erb (0.5ms)
Completed 200 OK in 357ms (Views: 345.4ms | ActiveRecord: 0.0ms)


Started GET "/" for 45.116.14.23 at 2015-09-17 10:36:52 +0000
Processing by StaticPagesController#home as HTML
  Rendered static_pages/home.html.erb within layouts/application (0.2ms)
  Rendered layouts/_header.html.erb (0.4ms)
  Rendered layouts/_footer.html.erb (0.3ms)
Completed 200 OK in 2237ms (Views: 2236.0ms | ActiveRecord: 0.0ms)


Started GET "/assets/custom.self-843b231995d53e93b739af6489a2cb6fc0ae724e1f386367fc2b6228107e86f7.css?body=1" for 45.116.14.23 at 2015-09-17 10:36:55 +0000
  [1m[36m (13.9ms)[0m  [1mCREATE TABLE "schema_migrations" ("version" varchar NOT NULL) [0m
  [1m[35m (0.2ms)[0m  select sqlite_version(*)
  [1m[36m (8.5ms)[0m  [1mCREATE UNIQUE INDEX "unique_schema_migrations" ON "schema_migrations" ("version")[0m
  [1m[35mActiveRecord::SchemaMigration Load (0.1ms)[0m  SELECT "schema_migrations".* FROM "schema_migrations"
Migrating to CreateHubs (20150917105348)
  [1m[36m (0.1ms)[0m  [1mbegin transaction[0m
  [1m[35m (0.5ms)[0m  CREATE TABLE "hubs" ("id" INTEGER PRIMARY KEY AUTOINCREMENT NOT NULL, "name" varchar, "email" varchar, "created_at" datetime NOT NULL, "updated_at" datetime NOT NULL) 
  [1m[36mSQL (0.3ms)[0m  [1mINSERT INTO "schema_migrations" ("version") VALUES (?)[0m  [["version", "20150917105348"]]
  [1m[35m (11.8ms)[0m  commit transaction
  [1m[36mActiveRecord::SchemaMigration Load (0.2ms)[0m  [1mSELECT "schema_migrations".* FROM "schema_migrations"[0m


Started GET "/" for 45.116.14.23 at 2015-09-17 11:13:51 +0000
  [1m[36mActiveRecord::SchemaMigration Load (0.2ms)[0m  [1mSELECT "schema_migrations".* FROM "schema_migrations"[0m
Processing by StaticPagesController#home as HTML
  Rendered static_pages/home.html.erb within layouts/application (0.9ms)
  Rendered layouts/_header.html.erb (0.2ms)
  Rendered layouts/_footer.html.erb (0.2ms)
Completed 200 OK in 302ms (Views: 300.4ms | ActiveRecord: 0.0ms)


Started GET "/assets/hubs.self-e3b0c44298fc1c149afbf4c8996fb92427ae41e4649b934ca495991b7852b855.css?body=1" for 45.116.14.23 at 2015-09-17 11:13:51 +0000


Started GET "/assets/hubs.self-877aef30ae1b040ab8a3aba4e3e309a11d7f2612f44dde450b5c157aa5f95c05.js?body=1" for 45.116.14.23 at 2015-09-17 11:13:52 +0000


Started GET "/newhub" for 45.116.14.23 at 2015-09-17 11:13:58 +0000
Processing by HubsController#new as HTML
  Rendered hubs/new.html.erb within layouts/application (7.3ms)
Completed 500 Internal Server Error in 16ms (ActiveRecord: 0.0ms)

ArgumentError (First argument in form cannot contain nil or be empty):
  app/views/hubs/new.html.erb:5:in `_app_views_hubs_new_html_erb___1094922411621477573_70166073443180'


  Rendered /usr/local/rvm/gems/ruby-2.2.1/gems/web-console-2.0.0.beta3/lib/action_dispatch/templates/rescues/_source.erb (17.5ms)
  Rendered /usr/local/rvm/gems/ruby-2.2.1/gems/web-console-2.0.0.beta3/lib/action_dispatch/templates/rescues/_trace.html.erb (3.3ms)
  Rendered /usr/local/rvm/gems/ruby-2.2.1/gems/web-console-2.0.0.beta3/lib/action_dispatch/templates/rescues/_request_and_response.html.erb (1.7ms)
  Rendered /usr/local/rvm/gems/ruby-2.2.1/gems/web-console-2.0.0.beta3/lib/action_dispatch/templates/rescues/_web_console.html.erb (1.4ms)
  Rendered /usr/local/rvm/gems/ruby-2.2.1/gems/web-console-2.0.0.beta3/lib/action_dispatch/templates/rescues/diagnostics.html.erb within rescues/layout (83.9ms)


Started GET "/newhub" for 45.116.14.23 at 2015-09-17 11:13:59 +0000
Processing by HubsController#new as HTML
  Rendered hubs/new.html.erb within layouts/application (5.7ms)
Completed 500 Internal Server Error in 14ms (ActiveRecord: 0.0ms)

ArgumentError (First argument in form cannot contain nil or be empty):
  app/views/hubs/new.html.erb:5:in `_app_views_hubs_new_html_erb___1094922411621477573_70166010347740'


  Rendered /usr/local/rvm/gems/ruby-2.2.1/gems/web-console-2.0.0.beta3/lib/action_dispatch/templates/rescues/_source.erb (10.2ms)
  Rendered /usr/local/rvm/gems/ruby-2.2.1/gems/web-console-2.0.0.beta3/lib/action_dispatch/templates/rescues/_trace.html.erb (5.0ms)
  Rendered /usr/local/rvm/gems/ruby-2.2.1/gems/web-console-2.0.0.beta3/lib/action_dispatch/templates/rescues/_request_and_response.html.erb (1.4ms)
  Rendered /usr/local/rvm/gems/ruby-2.2.1/gems/web-console-2.0.0.beta3/lib/action_dispatch/templates/rescues/_web_console.html.erb (1.1ms)
  Rendered /usr/local/rvm/gems/ruby-2.2.1/gems/web-console-2.0.0.beta3/lib/action_dispatch/templates/rescues/diagnostics.html.erb within rescues/layout (59.6ms)


Started GET "/newhub" for 45.116.14.23 at 2015-09-17 11:17:08 +0000
Processing by HubsController#new as HTML
  Rendered hubs/new.html.erb within layouts/application (5.6ms)
Completed 500 Internal Server Error in 20ms (ActiveRecord: 0.9ms)

ActionView::MissingTemplate (Missing partial shared/_error_messages with {:locale=>[:en], :formats=>[:html], :variants=>[], :handlers=>[:erb, :builder, :raw, :ruby, :coffee, :jbuilder]}. Searched in:
  * "/usr/local/rvm/gems/ruby-2.2.1/gems/web-console-2.0.0.beta3/lib/action_dispatch/templates"
  * "/home/ubuntu/workspace/app/views"
  * "/usr/local/rvm/gems/ruby-2.2.1/gems/web-console-2.0.0.beta3/app/views"
):
  app/views/hubs/new.html.erb:6:in `block in _app_views_hubs_new_html_erb___1094922411621477573_70166010347740'
  app/views/hubs/new.html.erb:5:in `_app_views_hubs_new_html_erb___1094922411621477573_70166010347740'


  Rendered /usr/local/rvm/gems/ruby-2.2.1/gems/web-console-2.0.0.beta3/lib/action_dispatch/templates/rescues/missing_template.html.erb within rescues/layout (0.8ms)


Started GET "/newhub" for 45.116.14.23 at 2015-09-17 11:17:43 +0000
Processing by HubsController#new as HTML
  Rendered hubs/new.html.erb within layouts/application (5.0ms)
Completed 500 Internal Server Error in 11ms (ActiveRecord: 0.0ms)

ActionView::MissingTemplate (Missing partial shared/_error_messages with {:locale=>[:en], :formats=>[:html], :variants=>[], :handlers=>[:erb, :builder, :raw, :ruby, :coffee, :jbuilder]}. Searched in:
  * "/usr/local/rvm/gems/ruby-2.2.1/gems/web-console-2.0.0.beta3/lib/action_dispatch/templates"
  * "/home/ubuntu/workspace/app/views"
  * "/usr/local/rvm/gems/ruby-2.2.1/gems/web-console-2.0.0.beta3/app/views"
):
  app/views/hubs/new.html.erb:6:in `block in _app_views_hubs_new_html_erb___1094922411621477573_70166063277000'
  app/views/hubs/new.html.erb:5:in `_app_views_hubs_new_html_erb___1094922411621477573_70166063277000'


  Rendered /usr/local/rvm/gems/ruby-2.2.1/gems/web-console-2.0.0.beta3/lib/action_dispatch/templates/rescues/missing_template.html.erb within rescues/layout (0.6ms)


Started GET "/newhub" for 45.116.14.23 at 2015-09-17 11:17:48 +0000
Processing by HubsController#new as HTML
  Rendered hubs/new.html.erb within layouts/application (4.5ms)
Completed 500 Internal Server Error in 10ms (ActiveRecord: 0.0ms)

ActionView::MissingTemplate (Missing partial shared/_error_messages with {:locale=>[:en], :formats=>[:html], :variants=>[], :handlers=>[:erb, :builder, :raw, :ruby, :coffee, :jbuilder]}. Searched in:
  * "/usr/local/rvm/gems/ruby-2.2.1/gems/web-console-2.0.0.beta3/lib/action_dispatch/templates"
  * "/home/ubuntu/workspace/app/views"
  * "/usr/local/rvm/gems/ruby-2.2.1/gems/web-console-2.0.0.beta3/app/views"
):
  app/views/hubs/new.html.erb:6:in `block in _app_views_hubs_new_html_erb___1094922411621477573_70166063277000'
  app/views/hubs/new.html.erb:5:in `_app_views_hubs_new_html_erb___1094922411621477573_70166063277000'


  Rendered /usr/local/rvm/gems/ruby-2.2.1/gems/web-console-2.0.0.beta3/lib/action_dispatch/templates/rescues/missing_template.html.erb within rescues/layout (0.5ms)


Started GET "/newhub" for 45.116.14.23 at 2015-09-17 11:17:53 +0000
Processing by HubsController#new as HTML
  Rendered hubs/new.html.erb within layouts/application (6.9ms)
Completed 500 Internal Server Error in 13ms (ActiveRecord: 0.0ms)

ActionView::MissingTemplate (Missing partial shared/_error_messages with {:locale=>[:en], :formats=>[:html, :xml], :variants=>[], :handlers=>[:erb, :builder, :raw, :ruby, :coffee, :jbuilder]}. Searched in:
  * "/usr/local/rvm/gems/ruby-2.2.1/gems/web-console-2.0.0.beta3/lib/action_dispatch/templates"
  * "/home/ubuntu/workspace/app/views"
  * "/usr/local/rvm/gems/ruby-2.2.1/gems/web-console-2.0.0.beta3/app/views"
):
  app/views/hubs/new.html.erb:6:in `block in _app_views_hubs_new_html_erb___1094922411621477573_70166049696840'
  app/views/hubs/new.html.erb:5:in `_app_views_hubs_new_html_erb___1094922411621477573_70166049696840'


  Rendered /usr/local/rvm/gems/ruby-2.2.1/gems/web-console-2.0.0.beta3/lib/action_dispatch/templates/rescues/missing_template.html.erb within rescues/layout (0.5ms)


Started GET "/newhub" for 45.116.14.23 at 2015-09-17 11:17:53 +0000
Processing by HubsController#new as HTML
  Rendered hubs/new.html.erb within layouts/application (5.0ms)
Completed 500 Internal Server Error in 14ms (ActiveRecord: 0.0ms)

ActionView::MissingTemplate (Missing partial shared/_error_messages with {:locale=>[:en], :formats=>[:html], :variants=>[], :handlers=>[:erb, :builder, :raw, :ruby, :coffee, :jbuilder]}. Searched in:
  * "/usr/local/rvm/gems/ruby-2.2.1/gems/web-console-2.0.0.beta3/lib/action_dispatch/templates"
  * "/home/ubuntu/workspace/app/views"
  * "/usr/local/rvm/gems/ruby-2.2.1/gems/web-console-2.0.0.beta3/app/views"
):
  app/views/hubs/new.html.erb:6:in `block in _app_views_hubs_new_html_erb___1094922411621477573_70166063277000'
  app/views/hubs/new.html.erb:5:in `_app_views_hubs_new_html_erb___1094922411621477573_70166063277000'


  Rendered /usr/local/rvm/gems/ruby-2.2.1/gems/web-console-2.0.0.beta3/lib/action_dispatch/templates/rescues/missing_template.html.erb within rescues/layout (0.5ms)


Started GET "/newhub" for 45.116.14.23 at 2015-09-17 11:18:39 +0000
Processing by HubsController#new as HTML
  Rendered hubs/new.html.erb within layouts/application (32.2ms)
  Rendered layouts/_header.html.erb (0.4ms)
  Rendered layouts/_footer.html.erb (0.2ms)
Completed 200 OK in 160ms (Views: 158.9ms | ActiveRecord: 0.0ms)


Started GET "/newhub" for 45.116.14.23 at 2015-09-17 11:19:06 +0000
Processing by HubsController#new as HTML
  Rendered hubs/new.html.erb within layouts/application (2.6ms)
  Rendered layouts/_header.html.erb (0.3ms)
  Rendered layouts/_footer.html.erb (0.2ms)
Completed 200 OK in 132ms (Views: 130.4ms | ActiveRecord: 0.0ms)


Started POST "/hubs" for 45.116.14.23 at 2015-09-17 11:19:26 +0000

AbstractController::ActionNotFound (The action 'create' could not be found for HubsController):
  actionpack (4.2.4) lib/abstract_controller/base.rb:132:in `process'
  actionview (4.2.4) lib/action_view/rendering.rb:30:in `process'
  actionpack (4.2.4) lib/action_controller/metal.rb:196:in `dispatch'
  actionpack (4.2.4) lib/action_controller/metal/rack_delegation.rb:13:in `dispatch'
  actionpack (4.2.4) lib/action_controller/metal.rb:237:in `block in action'
  actionpack (4.2.4) lib/action_dispatch/routing/route_set.rb:76:in `call'
  actionpack (4.2.4) lib/action_dispatch/routing/route_set.rb:76:in `dispatch'
  actionpack (4.2.4) lib/action_dispatch/routing/route_set.rb:45:in `serve'
  actionpack (4.2.4) lib/action_dispatch/journey/router.rb:43:in `block in serve'
  actionpack (4.2.4) lib/action_dispatch/journey/router.rb:30:in `each'
  actionpack (4.2.4) lib/action_dispatch/journey/router.rb:30:in `serve'
  actionpack (4.2.4) lib/action_dispatch/routing/route_set.rb:821:in `call'
  rack (1.6.4) lib/rack/etag.rb:24:in `call'
  rack (1.6.4) lib/rack/conditionalget.rb:38:in `call'
  rack (1.6.4) lib/rack/head.rb:13:in `call'
  actionpack (4.2.4) lib/action_dispatch/middleware/params_parser.rb:27:in `call'
  actionpack (4.2.4) lib/action_dispatch/middleware/flash.rb:260:in `call'
  rack (1.6.4) lib/rack/session/abstract/id.rb:225:in `context'
  rack (1.6.4) lib/rack/session/abstract/id.rb:220:in `call'
  actionpack (4.2.4) lib/action_dispatch/middleware/cookies.rb:560:in `call'
  activerecord (4.2.4) lib/active_record/query_cache.rb:36:in `call'
  activerecord (4.2.4) lib/active_record/connection_adapters/abstract/connection_pool.rb:653:in `call'
  activerecord (4.2.4) lib/active_record/migration.rb:377:in `call'
  actionpack (4.2.4) lib/action_dispatch/middleware/callbacks.rb:29:in `block in call'
  activesupport (4.2.4) lib/active_support/callbacks.rb:88:in `__run_callbacks__'
  activesupport (4.2.4) lib/active_support/callbacks.rb:778:in `_run_call_callbacks'
  activesupport (4.2.4) lib/active_support/callbacks.rb:81:in `run_callbacks'
  actionpack (4.2.4) lib/action_dispatch/middleware/callbacks.rb:27:in `call'
  actionpack (4.2.4) lib/action_dispatch/middleware/reloader.rb:73:in `call'
  actionpack (4.2.4) lib/action_dispatch/middleware/remote_ip.rb:78:in `call'
  web-console (2.0.0.beta3) lib/action_dispatch/debug_exceptions.rb:18:in `middleware_call'
  web-console (2.0.0.beta3) lib/action_dispatch/debug_exceptions.rb:13:in `call'
  actionpack (4.2.4) lib/action_dispatch/middleware/show_exceptions.rb:30:in `call'
  railties (4.2.4) lib/rails/rack/logger.rb:38:in `call_app'
  railties (4.2.4) lib/rails/rack/logger.rb:20:in `block in call'
  activesupport (4.2.4) lib/active_support/tagged_logging.rb:68:in `block in tagged'
  activesupport (4.2.4) lib/active_support/tagged_logging.rb:26:in `tagged'
  activesupport (4.2.4) lib/active_support/tagged_logging.rb:68:in `tagged'
  railties (4.2.4) lib/rails/rack/logger.rb:20:in `call'
  actionpack (4.2.4) lib/action_dispatch/middleware/request_id.rb:21:in `call'
  rack (1.6.4) lib/rack/methodoverride.rb:22:in `call'
  rack (1.6.4) lib/rack/runtime.rb:18:in `call'
  activesupport (4.2.4) lib/active_support/cache/strategy/local_cache_middleware.rb:28:in `call'
  rack (1.6.4) lib/rack/lock.rb:17:in `call'
  actionpack (4.2.4) lib/action_dispatch/middleware/static.rb:116:in `call'
  rack (1.6.4) lib/rack/sendfile.rb:113:in `call'
  railties (4.2.4) lib/rails/engine.rb:518:in `call'
  railties (4.2.4) lib/rails/application.rb:165:in `call'
  rack (1.6.4) lib/rack/lock.rb:17:in `call'
  rack (1.6.4) lib/rack/content_length.rb:15:in `call'
  rack (1.6.4) lib/rack/handler/webrick.rb:88:in `service'
  /usr/local/rvm/rubies/ruby-2.2.1/lib/ruby/2.2.0/webrick/httpserver.rb:138:in `service'
  /usr/local/rvm/rubies/ruby-2.2.1/lib/ruby/2.2.0/webrick/httpserver.rb:94:in `run'
  /usr/local/rvm/rubies/ruby-2.2.1/lib/ruby/2.2.0/webrick/server.rb:294:in `block in start_thread'


  Rendered /usr/local/rvm/gems/ruby-2.2.1/gems/web-console-2.0.0.beta3/lib/action_dispatch/templates/rescues/unknown_action.html.erb within rescues/layout (0.8ms)
